Flow report for final
Sat Jun 05 19:46:23 2021
Quartus II Version 9.1 Build 350 03/24/2010 Service Pack 2 SJ Web Edition


---------------------
; Table of Contents ;
---------------------
  1. Legal Notice
  2. Flow Summary
  3. Flow Settings
  4. Flow Non-Default Global Settings
  5. Flow Elapsed Time
  6. Flow OS Summary
  7. Flow Log



----------------
; Legal Notice ;
----------------
Copyright (C) 1991-2010 Altera Corporation
Your use of Altera Corporation's design tools, logic functions 
and other software and tools, and its AMPP partner logic 
functions, and any output files from any of the foregoing 
(including device programming or simulation files), and any 
associated documentation or information are expressly subject 
to the terms and conditions of the Altera Program License 
Subscription Agreement, Altera MegaCore Function License 
Agreement, or other applicable license agreement, including, 
without limitation, that your use is for the sole purpose of 
programming logic devices manufactured by Altera and sold by 
Altera or its authorized distributors.  Please refer to the 
applicable agreement for further details.



+-----------------------------------------------------------------------------------+
; Flow Summary                                                                      ;
+------------------------------------+----------------------------------------------+
; Flow Status                        ; Successful - Sat Jun 05 19:46:23 2021        ;
; Quartus II Version                 ; 9.1 Build 350 03/24/2010 SP 2 SJ Web Edition ;
; Revision Name                      ; final                                        ;
; Top-level Entity Name              ; final                                        ;
; Family                             ; Cyclone III                                  ;
; Device                             ; EP3C16F484C6                                 ;
; Timing Models                      ; Final                                        ;
; Met timing requirements            ; N/A                                          ;
; Total logic elements               ; 8,428 / 15,408 ( 55 % )                      ;
;     Total combinational functions  ; 8,415 / 15,408 ( 55 % )                      ;
;     Dedicated logic registers      ; 410 / 15,408 ( 3 % )                         ;
; Total registers                    ; 410                                          ;
; Total pins                         ; 252 / 347 ( 73 % )                           ;
; Total virtual pins                 ; 0                                            ;
; Total memory bits                  ; 0 / 516,096 ( 0 % )                          ;
; Embedded Multiplier 9-bit elements ; 0 / 112 ( 0 % )                              ;
; Total PLLs                         ; 0 / 4 ( 0 % )                                ;
+------------------------------------+----------------------------------------------+


+-----------------------------------------+
; Flow Settings                           ;
+-------------------+---------------------+
; Option            ; Setting             ;
+-------------------+---------------------+
; Start date & time ; 06/05/2021 19:44:45 ;
; Main task         ; Compilation         ;
; Revision Name     ; final               ;
+-------------------+---------------------+


+-------------------------------------------------------------------------------------------------------------------------------+
; Flow Non-Default Global Settings                                                                                              ;
+------------------------------------+-------------------------------------------+---------------+-------------+----------------+
; Assignment Name                    ; Value                                     ; Default Value ; Entity Name ; Section Id     ;
+------------------------------------+-------------------------------------------+---------------+-------------+----------------+
; COMPILER_SIGNATURE_ID              ; 136520657271339.162289348513892           ; --            ; --          ; --             ;
; EDA_OUTPUT_DATA_FORMAT             ; Verilog Hdl                               ; --            ; --          ; eda_simulation ;
; EDA_SIMULATION_TOOL                ; ModelSim-Altera (Verilog)                 ; <None>        ; --          ; --             ;
; EDA_TIME_SCALE                     ; 1 ps                                      ; --            ; --          ; eda_simulation ;
; MAX_CORE_JUNCTION_TEMP             ; 85                                        ; --            ; --          ; --             ;
; MIN_CORE_JUNCTION_TEMP             ; 0                                         ; --            ; --          ; --             ;
; MISC_FILE                          ; C:/Users/USER/Desktop/lab-final/final.dpf ; --            ; --          ; --             ;
; NOMINAL_CORE_SUPPLY_VOLTAGE        ; 1.2V                                      ; --            ; --          ; --             ;
; PARTITION_COLOR                    ; 16764057                                  ; --            ; --          ; Top            ;
; PARTITION_NETLIST_TYPE             ; SOURCE                                    ; --            ; --          ; Top            ;
; USE_GENERATED_PHYSICAL_CONSTRAINTS ; Off                                       ; --            ; --          ; eda_blast_fpga ;
+------------------------------------+-------------------------------------------+---------------+-------------+----------------+


+-------------------------------------------------------------------------------------------------------------------------------+
; Flow Elapsed Time                                                                                                             ;
+---------------------------+--------------+-------------------------+---------------------+------------------------------------+
; Module Name               ; Elapsed Time ; Average Processors Used ; Peak Virtual Memory ; Total CPU Time (on all processors) ;
+---------------------------+--------------+-------------------------+---------------------+------------------------------------+
; Analysis & Synthesis      ; 00:00:18     ; 1.0                     ; 282 MB              ; 00:00:19                           ;
; Fitter                    ; 00:00:32     ; 1.0                     ; 330 MB              ; 00:00:33                           ;
; TimeQuest Timing Analyzer ; 00:00:35     ; 1.0                     ; 446 MB              ; 00:00:35                           ;
; Assembler                 ; 00:00:02     ; 1.0                     ; 248 MB              ; 00:00:01                           ;
; EDA Netlist Writer        ; 00:00:09     ; 1.0                     ; 239 MB              ; 00:00:09                           ;
; Total                     ; 00:01:34     ; --                      ; --                  ; 00:01:36                           ;
+---------------------------+--------------+-------------------------+---------------------+------------------------------------+


+--------------------------------------------------------------------------------------------+
; Flow OS Summary                                                                            ;
+---------------------------+------------------+---------------+------------+----------------+
; Module Name               ; Machine Hostname ; OS Name       ; OS Version ; Processor type ;
+---------------------------+------------------+---------------+------------+----------------+
; Analysis & Synthesis      ; LAPTOP-CN6SDASD  ; Windows Vista ; 6.2        ; x86_64         ;
; Fitter                    ; LAPTOP-CN6SDASD  ; Windows Vista ; 6.2        ; x86_64         ;
; Assembler                 ; LAPTOP-CN6SDASD  ; Windows Vista ; 6.2        ; x86_64         ;
; TimeQuest Timing Analyzer ; LAPTOP-CN6SDASD  ; Windows Vista ; 6.2        ; x86_64         ;
; EDA Netlist Writer        ; LAPTOP-CN6SDASD  ; Windows Vista ; 6.2        ; x86_64         ;
+---------------------------+------------------+---------------+------------+----------------+


------------
; Flow Log ;
------------
quartus_map --read_settings_files=on --write_settings_files=off final -c final
quartus_fit --read_settings_files=off --write_settings_files=off final -c final
quartus_asm --read_settings_files=off --write_settings_files=off final -c final
quartus_sta final -c final
quartus_eda --read_settings_files=off --write_settings_files=off final -c final



